0CZ: CCD via 0CZ
0CZ: IK RDKit miss
0D1: CCD via 0D1
0D1: IK RDKit miss
0L8: CCD via 0L8
0L8: IK RDKit miss
15Q: CCD via 15Q
15Q: IK RDKit miss
17M: CCD via 17M
17M: IK RDKit miss
17M: ChEMBL via name '17M' -> CHEMBL4297438
1GJ: CCD via 1GJ
1GJ: IK RDKit miss
1GM: CCD via 1GM
1GM: IK RDKit miss
1GQ: CCD via 1GQ
1GQ: IK RDKit miss
1GR: CCD via 1GR
1GR: IK RDKit miss
1GS: CCD via 1GS
1GS: IK RDKit miss
1GT: CCD via 1GT
1GT: IK RDKit miss
1GT: ChEMBL via name '1GT' -> CHEMBL1201497
1GU: CCD via 1GU
1GU: IK RDKit miss
1GV: CCD via 1GV
1GV: IK RDKit miss
1HP: CCD via 1HP
1HP: IK RDKit miss
244: CCD via 244
244: IK RDKit miss
244: ChEMBL via name '244' -> CHEMBL13254
27G: CCD via 27G
27G: IK RDKit miss
27H: CCD via 27H
27H: IK RDKit miss
27J: CCD via 27J
27J: IK RDKit miss
27K: CCD via 27K
27K: IK RDKit miss
27L: CCD via 27L
27L: IK RDKit miss
27L: ChEMBL via name '27L' -> CHEMBL263441
27M: CCD via 27M
27M: IK RDKit miss
27N: CCD via 27N
27N: IK RDKit miss
27N: ChEMBL via name '27N' -> CHEMBL3137315
29S: CCD via 29S
29S: IK RDKit miss
2I9: CCD via 2I9
2I9: IK RDKit miss
2I9: ChEMBL via name '2I9' -> CHEMBL2108623
2OH: CCD via 2OH
2OH: IK RDKit miss
369: CCD via 369
369: IK RDKit miss
369: ChEMBL via name '369' -> CHEMBL8690
36J: CCD via 36J
36J: IK RDKit miss
36M: CCD via 36M
36M: IK RDKit miss
3YJ: CCD via 3YJ
3YJ: IK RDKit miss
458: CCD via 458
458: IK RDKit miss
458: ChEMBL via name '458' -> CHEMBL267014
459: CCD via 459
459: IK RDKit miss
459: ChEMBL via name '459' -> CHEMBL269705
4OH: CCD via 4OH
4OH: IK RDKit miss
4Q7: CCD via 4Q7
4Q7: IK RDKit miss
4Q9: CCD via 4Q9
4Q9: IK RDKit miss
53Q: CCD via 53Q
53Q: IK RDKit miss
5C4: CCD via 5C4
5C4: IK RDKit miss
5C6: CCD via 5C6
5C6: IK RDKit miss
5C6: ChEMBL via name '5C6' -> CHEMBL368464
5C7: CCD via 5C7
5C7: IK RDKit miss
5C8: CCD via 5C8
5C8: IK RDKit miss
5C8: ChEMBL via name '5C8' -> CHEMBL2108767
5C9: CCD via 5C9
5C9: IK RDKit miss
5CC: CCD via 5CC
5CC: IK RDKit miss
5CE: CCD via 5CE
5CE: IK RDKit miss
5CJ: CCD via 5CJ
5CJ: IK RDKit miss
5CK: CCD via 5CK
5CK: IK RDKit miss
5CQ: CCD via 5CQ
5CQ: IK RDKit miss
5DG: CCD via 5DG
5DG: IK RDKit miss
5DH: CCD via 5DH
5DH: IK RDKit miss
5DJ: CCD via 5DJ
5DJ: IK RDKit miss
5ES: CCD via 5ES
5ES: IK RDKit miss
5ET: CCD via 5ET
5ET: IK RDKit miss
5EU: CCD via 5EU
5EU: IK RDKit miss
5FS: CCD via 5FS
5FS: IK RDKit miss
5FT: CCD via 5FT
5FT: IK RDKit miss
5FV: CCD via 5FV
5FV: IK RDKit miss
5FY: CCD via 5FY
5FY: IK RDKit miss
5G2: CCD via 5G2
5G2: IK RDKit miss
5G3: CCD via 5G3
5G3: IK RDKit miss
5G4: CCD via 5G4
5G4: IK RDKit miss
5G5: CCD via 5G5
5G5: IK RDKit miss
5G6: CCD via 5G6
5G6: IK RDKit miss
5G7: CCD via 5G7
5G7: IK RDKit miss
5HW: CCD via 5HW
5HW: IK RDKit miss
5HX: CCD via 5HX
5HX: IK RDKit miss
5HZ: CCD via 5HZ
5HZ: IK RDKit miss
5J0: CCD via 5J0
5J0: IK RDKit miss
5J1: CCD via 5J1
5J1: IK RDKit miss
5J2: CCD via 5J2
5J2: IK RDKit miss
5JX: CCD via 5JX
5JX: IK RDKit miss
5JY: CCD via 5JY
5JY: IK RDKit miss
5K0: CCD via 5K0
5K0: IK RDKit miss
5K1: CCD via 5K1
5K1: IK RDKit miss
5K1: ChEMBL via name '5K1' -> CHEMBL3137328
5K2: CCD via 5K2
5K2: IK RDKit miss
5K4: CCD via 5K4
5K4: IK RDKit miss
5K5: CCD via 5K5
5K5: IK RDKit miss
5K7: CCD via 5K7
5K7: IK RDKit miss
5K8: CCD via 5K8
5K8: IK RDKit miss
5K8: ChEMBL via name '5K8' -> CHEMBL2108666
5KA: CCD via 5KA
5KA: IK RDKit miss
5KB: CCD via 5KB
5KB: IK RDKit miss
5KD: CCD via 5KD
5KD: IK RDKit miss
5KE: CCD via 5KE
5KE: IK RDKit miss
5KF: CCD via 5KF
5KF: IK RDKit miss
5KG: CCD via 5KG
5KG: IK RDKit miss
5OR: CCD via 5OR
5OR: IK RDKit miss
5OS: CCD via 5OS
5OS: IK RDKit miss
5P1: CCD via 5P1
5P1: IK RDKit miss
5P1: ChEMBL via name '5P1' -> CHEMBL5314995
5VP: CCD via 5VP
5VP: IK RDKit miss
5YR: CCD via 5YR
5YR: IK RDKit miss
61Z: CCD via 61Z
61Z: IK RDKit miss
689: CCD via 689
689: IK RDKit miss
689: ChEMBL via name '689' -> CHEMBL22317
6WL: CCD via 6WL
6WL: IK RDKit miss
6WM: CCD via 6WM
6WM: IK RDKit miss
6WN: CCD via 6WN
6WN: IK RDKit miss
6WP: CCD via 6WP
6WP: IK RDKit miss
6WQ: CCD via 6WQ
6WQ: IK RDKit miss
6WR: CCD via 6WR
6WR: IK RDKit miss
6WS: CCD via 6WS
6WS: IK RDKit miss
6WU: CCD via 6WU
6WU: IK RDKit miss
6WV: CCD via 6WV
6WV: IK RDKit miss
6WW: CCD via 6WW
6WW: IK RDKit miss
73I: CCD via 73I
73I: IK RDKit miss
73I: ChEMBL via name '73I' -> CHEMBL1660
77I: CCD via 77I
77I: IK RDKit miss
77W: CCD via 77W
77W: IK RDKit miss
782: CCD via 782
782: IK RDKit miss
782: ChEMBL via name '782' -> CHEMBL208437
7AI: CCD via 7AI
7AI: IK RDKit miss
7E1: CCD via 7E1
7E1: IK RDKit miss
7E3: CCD via 7E3
7E3: IK RDKit miss
7E3: ChEMBL via name '7E3' -> CHEMBL1201584
7EB: CCD via 7EB
7EB: IK RDKit miss
7EC: CCD via 7EC
7EC: IK RDKit miss
7ED: CCD via 7ED
7ED: IK RDKit miss
7EE: CCD via 7EE
7EE: IK RDKit miss
7EF: CCD via 7EF
7EF: IK RDKit miss
7EF: ChEMBL via name '7EF' -> CHEMBL2368924
7EG: CCD via 7EG
7EG: IK RDKit miss
7EH: CCD via 7EH
7EH: IK RDKit miss
7EI: CCD via 7EI
7EI: IK RDKit miss
7EL: CCD via 7EL
7EL: IK RDKit miss
7EM: CCD via 7EM
7EM: IK RDKit miss
7EN: CCD via 7EN
7EN: IK RDKit miss
7EO: CCD via 7EO
7EO: IK RDKit miss
7EQ: CCD via 7EQ
7EQ: IK RDKit miss
7ER: CCD via 7ER
7ER: IK RDKit miss
7ES: CCD via 7ES
7ES: IK RDKit miss
7EV: CCD via 7EV
7EV: IK RDKit miss
7FD: CCD via 7FD
7FD: IK RDKit miss
7FG: CCD via 7FG
7FG: IK RDKit miss
7FJ: CCD via 7FJ
7FJ: IK RDKit miss
7FL: CCD via 7FL
7FL: IK RDKit miss
7FO: CCD via 7FO
7FO: IK RDKit miss
7FP: CCD via 7FP
7FP: IK RDKit miss
7FQ: CCD via 7FQ
7FQ: IK RDKit miss
7FR: CCD via 7FR
7FR: IK RDKit miss
7FS: CCD via 7FS
7FS: IK RDKit miss
7FZ: CCD via 7FZ
7FZ: IK RDKit miss
7G0: CCD via 7G0
7G0: IK RDKit miss
7G1: CCD via 7G1
7G1: IK RDKit miss
7G2: CCD via 7G2
7G2: IK RDKit miss
7G3: CCD via 7G3
7G3: IK RDKit miss
7G5: CCD via 7G5
7G5: IK RDKit miss
7I0: CCD via 7I0
7I0: IK RDKit miss
7I5: CCD via 7I5
7I5: IK RDKit miss
7I9: CCD via 7I9
7I9: IK RDKit miss
7J9: CCD via 7J9
7J9: IK RDKit miss
7JY: CCD via 7JY
7JY: IK RDKit miss
7K6: CCD via 7K6
7K6: IK RDKit miss
7KL: CCD via 7KL
7KL: IK RDKit miss
7M1: CCD via 7M1
7M1: IK RDKit miss
7M4: CCD via 7M4
7M4: IK RDKit miss
7M7: CCD via 7M7
7M7: IK RDKit miss
7OI: CCD via 7OI
7OI: IK RDKit miss
7OR: CCD via 7OR
7OR: IK RDKit miss
7Q5: CCD via 7Q5
7Q5: IK RDKit miss
7QN: CCD via 7QN
7QN: IK RDKit miss
85M: CCD via 85M
85M: IK RDKit miss
85Z: CCD via 85Z
85Z: IK RDKit miss
86V: CCD via 86V
86V: IK RDKit miss
86Y: CCD via 86Y
86Y: IK RDKit miss
98L: CCD via 98L
98L: IK RDKit miss
9XY: CCD via 9XY
9XY: IK RDKit miss
A48: CCD via A48
A48: IK RDKit miss
A48: ChEMBL via name 'A48' -> CHEMBL3301578
AEJ: CCD via AEJ
AEJ: IK RDKit miss
AEJ: ChEMBL via name 'AEJ' -> CHEMBL467196
AIH: CCD via AIH
AIH: IK RDKit miss
AIJ: CCD via AIJ
AIJ: IK RDKit miss
AIT: CCD via AIT
AIT: IK RDKit miss
AIT: ChEMBL via name 'AIT' -> CHEMBL508897
AIU: CCD via AIU
AIU: IK RDKit miss
BCT: CCD via BCT
BCT: IK RDKit miss
BCT: ChEMBL via name 'BCT' -> CHEMBL5314397
C3D: CCD via C3D
C3D: IK RDKit miss
C6V: CCD via C6V
C6V: IK RDKit miss
C8L: CCD via C8L
C8L: IK RDKit miss
CCS: CCD via CCS
CCS: IK RDKit miss
CCS: ChEMBL via name 'CCS' -> CHEMBL2251848
CM3: CCD via CM3
CM3: IK RDKit miss
CM3: ChEMBL via name 'CM3' -> CHEMBL2109481
CM4: CCD via CM4
CM4: IK RDKit miss
CM4: ChEMBL via name 'CM4' -> CHEMBL4753998
CME: CCD via CME
CME: IK RDKit miss
CME: ChEMBL via name 'CME' -> CHEMBL2106658
CSO: CCD via CSO
CSO: IK RDKit miss
CSO: ChEMBL via name 'CSO' -> CHEMBL2262845
CUE: CCD via CUE
CUE: IK RDKit miss
CUE: ChEMBL via name 'CUE' -> CHEMBL1201625
DC8: CCD via DC8
DC8: IK RDKit miss
DC8: ChEMBL via name 'DC8' -> CHEMBL88153
DES: CCD via DES
DES: IK RDKit miss
DES: ChEMBL via name 'DES' -> CHEMBL475
DMS: CCD via DMS
DMS: IK RDKit miss
DMS: ChEMBL via name 'DMS' -> CHEMBL504
DRQ: CCD via DRQ
DRQ: IK RDKit miss
E4D: CCD via E4D
E4D: IK RDKit miss
EED: CCD via EED
EED: IK RDKit miss
EED: ChEMBL via name 'EED' -> CHEMBL2108130
EES: CCD via EES
EES: IK RDKit miss
EES: ChEMBL via name 'EES' -> CHEMBL10017
EEU: CCD via EEU
EEU: IK RDKit miss
EI1: CCD via EI1
EI1: IK RDKit miss
EI1: ChEMBL via name 'EI1' -> CHEMBL5882296
EMY: CCD via EMY
EMY: IK RDKit miss
EMY: ChEMBL via name 'EMY' -> CHEMBL388565
ESE: CCD via ESE
ESE: IK RDKit miss
ESE: ChEMBL via name 'ESE' -> CHEMBL475
ESL: CCD via ESL
ESL: IK RDKit miss
ESL: ChEMBL via name 'ESL' -> CHEMBL315985
EST: CCD via EST
EST: IK RDKit miss
EST: ChEMBL via name 'estradiol' -> CHEMBL135
ETC: CCD via ETC
ETC: IK RDKit miss
ETC: ChEMBL via name 'ETC' -> CHEMBL1883512
EU: CCD via EU
EU: IK RDKit miss
EU: ChEMBL via name 'EU' -> CHEMBL267179
EZT: CCD via EZT
EZT: IK RDKit miss
EZT: ChEMBL via name 'EZT' -> CHEMBL1370
F3D: CCD via F3D
F3D: IK RDKit miss
F3D: ChEMBL via name 'F3D' -> CHEMBL1129
FNJ: CCD via FNJ
FNJ: IK RDKit miss
FSV: CCD via FSV
FSV: IK RDKit miss
FYS: CCD via FYS
FYS: IK RDKit miss
G8Y: CCD via G8Y
G8Y: IK RDKit miss
G9J: CCD via G9J
G9J: IK RDKit miss
GEN: CCD via GEN
GEN: IK RDKit miss
GEN: ChEMBL via name 'GEN' -> CHEMBL28
GQD: CCD via GQD
GQD: IK RDKit miss
GW5: CCD via GW5
GW5: IK RDKit miss
GW5: ChEMBL via name 'GW5' -> CHEMBL38943
GZI: CCD via GZI
GZI: IK RDKit miss
GZI: ChEMBL via name 'GZI' -> CHEMBL4297803
H09: CCD via H09
H09: IK RDKit miss
H8W: CCD via H8W
H8W: IK RDKit miss
HZ3: CCD via HZ3
HZ3: IK RDKit miss
I0G: CCD via I0G
I0G: IK RDKit miss
I0V: CCD via I0V
I0V: IK RDKit miss
IAT: CCD via IAT
IAT: IK RDKit miss
IAT: ChEMBL via name 'IAT' -> CHEMBL426392
IOG: CCD via IOG
IOG: IK RDKit miss
IOG: ChEMBL via name 'IOG' -> CHEMBL595
IOK: CCD via IOK
IOK: IK RDKit miss
IOK: ChEMBL via name 'IOK' -> CHEMBL551554
J0W: CCD via J0W
J0W: IK RDKit miss
J2Z: CCD via J2Z
J2Z: IK RDKit miss
J3Z: CCD via J3Z
J3Z: IK RDKit miss
JJ3: CCD via JJ3
JJ3: IK RDKit miss
KE9: CCD via KE9
KE9: IK RDKit miss
KN0: CCD via KN0
KN0: IK RDKit miss
KN0: ChEMBL via name 'KN0' -> CHEMBL4297562
KN1: CCD via KN1
KN1: IK RDKit miss
KN1: ChEMBL via name 'KN1' -> CHEMBL197676
KN2: CCD via KN2
KN2: IK RDKit miss
KN3: CCD via KN3
KN3: IK RDKit miss
L4G: CCD via L4G
L4G: IK RDKit miss
L5B: CCD via L5B
L5B: IK RDKit miss
L84: CCD via L84
L84: IK RDKit miss
L84: ChEMBL via name 'L84' -> CHEMBL256913
LLB: CCD via LLB
LLB: IK RDKit miss
LLB: ChEMBL via name 'LLB' -> CHEMBL1614877
LLC: CCD via LLC
LLC: IK RDKit miss
LLC: ChEMBL via name 'LLC' -> CHEMBL465561
LRQ: CCD via LRQ
LRQ: IK RDKit miss
LVH: CCD via LVH
LVH: IK RDKit miss
LYQ: CCD via LYQ
LYQ: IK RDKit miss
LYQ: ChEMBL via name 'LYQ' -> CHEMBL1683544
MLZ: CCD via MLZ
MLZ: IK RDKit miss
ND1: CCD via ND1
ND1: IK RDKit miss
NYU: CCD via NYU
NYU: IK RDKit miss
NYU: ChEMBL via name 'NYU' -> CHEMBL480491
OB1: CCD via OB1
OB1: IK RDKit miss
OB2: CCD via OB2
OB2: IK RDKit miss
OB3: CCD via OB3
OB3: IK RDKit miss
OB5: CCD via OB5
OB5: IK RDKit miss
OB5: ChEMBL via name 'OB5' -> CHEMBL3701382
OB7: CCD via OB7
OB7: IK RDKit miss
OB8: CCD via OB8
OB8: IK RDKit miss
OB9: CCD via OB9
OB9: IK RDKit miss
OBB: CCD via OBB
OBB: IK RDKit miss
OBB: ChEMBL via name 'OBB' -> CHEMBL2108758
OBC: CCD via OBC
OBC: IK RDKit miss
OBH: CCD via OBH
OBH: IK RDKit miss
OBH: ChEMBL via name 'OBH' -> CHEMBL1807754
OBM: CCD via OBM
OBM: IK RDKit miss
OBT: CCD via OBT
OBT: IK RDKit miss
OBT: ChEMBL via name 'OBT' -> CHEMBL449423
ODE: CCD via ODE
ODE: IK RDKit miss
ODE: ChEMBL via name 'ODE' -> CHEMBL485
ODY: CCD via ODY
ODY: IK RDKit miss
ODY: ChEMBL via name 'ODY' -> CHEMBL942
OFB: CCD via OFB
OFB: IK RDKit miss
OGJ: CCD via OGJ
OGJ: IK RDKit miss
OHT: CCD via OHT
OHT: IK RDKit miss
OHT: ChEMBL via name '4-hydroxytamoxifen' -> CHEMBL489
PIQ: CCD via PIQ
PIQ: IK RDKit miss
PIQ: ChEMBL via name 'PIQ' -> CHEMBL1192678
PTI: CCD via PTI
PTI: IK RDKit miss
PTI: ChEMBL via name 'PTI' -> CHEMBL493
Q97: CCD via Q97
Q97: IK RDKit miss
QHG: CCD via QHG
QHG: IK RDKit miss
QNE: CCD via QNE
QNE: IK RDKit miss
QNE: ChEMBL via name 'QNE' -> CHEMBL1253443
QNH: CCD via QNH
QNH: IK RDKit miss
QNK: CCD via QNK
QNK: IK RDKit miss
QNK: ChEMBL via name 'QNK' -> CHEMBL1651739
QSO: CCD via QSO
QSO: IK RDKit miss
QYM: CCD via QYM
QYM: IK RDKit miss
R3V: CCD via R3V
R3V: IK RDKit miss
RAL: CCD via RAL
RAL: IK RDKit miss
RAL: ChEMBL via name 'raloxifene' -> CHEMBL81
RL4: CCD via RL4
RL4: IK RDKit miss
RL4: ChEMBL via name 'RL4' -> CHEMBL2105377
SCH: CCD via SCH
SCH: IK RDKit miss
SCH: ChEMBL via name 'SCH' -> CHEMBL62
STL: CCD via STL
STL: IK RDKit miss
STL: ChEMBL via name 'STL' -> CHEMBL2108623
T3O: CCD via T3O
T3O: IK RDKit miss
TPO: CCD via TPO
TPO: IK RDKit miss
TPO: ChEMBL via name 'TPO' -> CHEMBL326632
TQF: CCD via TQF
TQF: IK RDKit miss
TS7: CCD via TS7
TS7: IK RDKit miss
TS7: ChEMBL via name 'TS7' -> CHEMBL4297913
TT5: CCD via TT5
TT5: IK RDKit miss
TTU: CCD via TTU
TTU: IK RDKit miss
TTU: ChEMBL via name 'TTU' -> CHEMBL443876
TU9: CCD via TU9
TU9: IK RDKit miss
TV3: CCD via TV3
TV3: IK RDKit miss
TVF: CCD via TVF
TVF: IK RDKit miss
TVL: CCD via TVL
TVL: IK RDKit miss
TVL: ChEMBL via name 'TVL' -> CHEMBL593187
TVX: CCD via TVX
TVX: IK RDKit miss
TVX: ChEMBL via name 'TVX' -> CHEMBL1451633
TW6: CCD via TW6
TW6: IK RDKit miss
TWF: CCD via TWF
TWF: IK RDKit miss
TX9: CCD via TX9
TX9: IK RDKit miss
TX9: ChEMBL via name 'TX9' -> CHEMBL6068046
TXK: CCD via TXK
TXK: IK RDKit miss
TZ3: CCD via TZ3
TZ3: IK RDKit miss
TZ3: ChEMBL via name 'TZ3' -> CHEMBL4650444
TZI: CCD via TZI
TZI: IK RDKit miss
TZI: ChEMBL via name 'TZI' -> CHEMBL507823
U6D: CCD via U6D
U6D: IK RDKit miss
V9J: CCD via V9J
V9J: IK RDKit miss
VQI: CCD via VQI
VQI: IK RDKit miss
WST: CCD via WST
WST: IK RDKit miss
WST: ChEMBL via name 'WST' -> CHEMBL9967
WVE: CCD via WVE
WVE: IK RDKit miss
WVE: ChEMBL via name 'WVE' -> CHEMBL1118
WVR: CCD via WVR
WVR: IK RDKit miss
WVW: CCD via WVW
WVW: IK RDKit miss
XBR: CCD via XBR
XBR: IK RDKit miss
XBR: ChEMBL via name 'XBR' -> CHEMBL1200638
XDH: CCD via XDH
XDH: IK RDKit miss
YCM: CCD via YCM
YCM: IK RDKit miss
YCM: ChEMBL via name 'YCM' -> CHEMBL569677
ZER: CCD via ZER
ZER: IK RDKit miss
ZER: ChEMBL via name 'ZER' -> CHEMBL77131
ZN: CCD via ZN
ZN: IK RDKit miss
ZN: ChEMBL via name 'ZN' -> CHEMBL110
ZNM: CCD via ZNM
ZNM: IK RDKit miss
ZTW: CCD via ZTW
ZTW: IK RDKit miss